<?xml version="1.0" encoding="UTF-8" ?>
<testsuite tests="5" failures="0" name="de.avg._abgabe.kreditsystem.InMemoryH2Test" time="0.175" errors="5" skipped="0">
  <properties>
[...]
</properties>
  <testcase classname="de.avg._abgabe.kreditsystem.InMemoryH2Test" name="testParsingAndDeployment" time="0.078">
    <error message="resource &apos;process.bpmn&apos; not found: inputStream is null" type="org.camunda.bpm.engine.exception.NullValueException">org.camunda.bpm.engine.exception.NullValueException: resource &apos;process.bpmn&apos; not found: inputStream is null
	at sun.reflect.NativeConstructorAccessorImpl.newInstance0(Native Method)
	at sun.reflect.NativeConstructorAccessorImpl.newInstance(Unknown Source)
	at sun.reflect.DelegatingConstructorAccessorImpl.newInstance(Unknown Source)
	at java.lang.reflect.Constructor.newInstance(Unknown Source)
	at org.camunda.bpm.engine.impl.util.EnsureUtil.generateException(EnsureUtil.java:344)
	at org.camunda.bpm.engine.impl.util.EnsureUtil.ensureNotNull(EnsureUtil.java:49)
	at org.camunda.bpm.engine.impl.util.EnsureUtil.ensureNotNull(EnsureUtil.java:44)
	at org.camunda.bpm.engine.impl.repository.DeploymentBuilderImpl.addClasspathResource(DeploymentBuilderImpl.java:91)
	at org.camunda.bpm.engine.impl.test.TestHelper.annotationDeploymentSetUp(TestHelper.java:133)
	at org.camunda.bpm.engine.test.ProcessEngineRule.starting(ProcessEngineRule.java:146)
	at org.camunda.bpm.extension.process_test_coverage.junit.rules.TestCoverageProcessEngineRule.starting(TestCoverageProcessEngineRule.java:136)
	at org.junit.rules.TestWatcher.startingQuietly(TestWatcher.java:108)
	at org.junit.rules.TestWatcher.access$000(TestWatcher.java:46)
	at org.junit.rules.TestWatcher$1.evaluate(TestWatcher.java:53)
	at org.camunda.bpm.engine.test.ProcessEngineRule$1.evaluate(ProcessEngineRule.java:165)
	at org.junit.rules.RunRules.evaluate(RunRules.java:20)
	at org.junit.runners.ParentRunner.runLeaf(ParentRunner.java:325)
	at org.junit.runners.BlockJUnit4ClassRunner.runChild(BlockJUnit4ClassRunner.java:78)
	at org.junit.runners.BlockJUnit4ClassRunner.runChild(BlockJUnit4ClassRunner.java:57)
	at org.junit.runners.ParentRunner$3.run(ParentRunner.java:290)
	at org.junit.runners.ParentRunner$1.schedule(ParentRunner.java:71)
	at org.junit.runners.ParentRunner.runChildren(ParentRunner.java:288)
	at org.junit.runners.ParentRunner.access$000(ParentRunner.java:58)
	at org.junit.runners.ParentRunner$2.evaluate(ParentRunner.java:268)
	at org.junit.rules.TestWatcher$1.evaluate(TestWatcher.java:55)
	at org.camunda.bpm.engine.test.ProcessEngineRule$1.evaluate(ProcessEngineRule.java:165)
	at org.junit.rules.RunRules.evaluate(RunRules.java:20)
	at org.junit.runners.ParentRunner.run(ParentRunner.java:363)
	at org.apache.maven.surefire.junit4.JUnit4Provider.execute(JUnit4Provider.java:252)
	at org.apache.maven.surefire.junit4.JUnit4Provider.executeTestSet(JUnit4Provider.java:141)
	at org.apache.maven.surefire.junit4.JUnit4Provider.invoke(JUnit4Provider.java:112)
	at sun.reflect.NativeMethodAccessorImpl.invoke0(Native Method)
	at sun.reflect.NativeMethodAccessorImpl.invoke(Unknown Source)
	at sun.reflect.DelegatingMethodAccessorImpl.invoke(Unknown Source)
	at java.lang.reflect.Method.invoke(Unknown Source)
	at org.apache.maven.surefire.util.ReflectionUtils.invokeMethodWithArray(ReflectionUtils.java:189)
	at org.apache.maven.surefire.booter.ProviderFactory$ProviderProxy.invoke(ProviderFactory.java:165)
	at org.apache.maven.surefire.booter.ProviderFactory.invokeProvider(ProviderFactory.java:85)
	at org.apache.maven.surefire.booter.ForkedBooter.runSuitesInProcess(ForkedBooter.java:115)
	at org.apache.maven.surefire.booter.ForkedBooter.main(ForkedBooter.java:75)
</error>
    <system-out>01:45:29.913 [main] DEBUG org.camunda.bpm.engine.test - ==== BUILDING PROCESS ENGINE ========================================================================
01:45:30.049 [main] INFO  o.s.b.f.xml.XmlBeanDefinitionReader - Loading XML bean definitions from class path resource [camunda.cfg.xml]
01:45:30.969 [main] INFO  org.camunda.bpm.engine.cfg - ENGINE-12003 Plugin &apos;SpinProcessEnginePlugin&apos; activated on process engine &apos;default&apos;
01:45:30.983 [main] INFO  org.camunda.spin - SPIN-01010 Discovered Spin data format provider: org.camunda.spin.impl.json.jackson.format.JacksonJsonDataFormatProvider[name = application/json]
01:45:31.400 [main] INFO  org.camunda.spin - SPIN-01010 Discovered Spin data format provider: org.camunda.spin.impl.xml.dom.format.DomXmlDataFormatProvider[name = application/xml]
01:45:31.412 [main] INFO  org.camunda.spin - SPIN-01009 Discovered Spin data format: org.camunda.spin.impl.xml.dom.format.DomXmlDataFormat[name = application/xml]
01:45:31.412 [main] INFO  org.camunda.spin - SPIN-01009 Discovered Spin data format: org.camunda.spin.impl.json.jackson.format.JacksonJsonDataFormat[name = application/json]
01:45:36.091 [main] INFO  org.camunda.bpm.engine.persistence - ENGINE-03016 Performing database operation &apos;create&apos; on component &apos;engine&apos; with resource &apos;org/camunda/bpm/engine/db/create/activiti.h2.create.engine.sql&apos;
01:45:36.135 [main] INFO  org.camunda.bpm.engine.persistence - ENGINE-03016 Performing database operation &apos;create&apos; on component &apos;history&apos; with resource &apos;org/camunda/bpm/engine/db/create/activiti.h2.create.history.sql&apos;
01:45:36.159 [main] INFO  org.camunda.bpm.engine.persistence - ENGINE-03016 Performing database operation &apos;create&apos; on component &apos;identity&apos; with resource &apos;org/camunda/bpm/engine/db/create/activiti.h2.create.identity.sql&apos;
01:45:36.179 [main] INFO  org.camunda.bpm.engine.persistence - ENGINE-03016 Performing database operation &apos;create&apos; on component &apos;case.engine&apos; with resource &apos;org/camunda/bpm/engine/db/create/activiti.h2.create.case.engine.sql&apos;
01:45:36.185 [main] INFO  org.camunda.bpm.engine.persistence - ENGINE-03016 Performing database operation &apos;create&apos; on component &apos;case.history&apos; with resource &apos;org/camunda/bpm/engine/db/create/activiti.h2.create.case.history.sql&apos;
01:45:36.192 [main] INFO  org.camunda.bpm.engine.persistence - ENGINE-03016 Performing database operation &apos;create&apos; on component &apos;decision.engine&apos; with resource &apos;org/camunda/bpm/engine/db/create/activiti.h2.create.decision.engine.sql&apos;
01:45:36.201 [main] INFO  org.camunda.bpm.engine.persistence - ENGINE-03016 Performing database operation &apos;create&apos; on component &apos;decision.history&apos; with resource &apos;org/camunda/bpm/engine/db/create/activiti.h2.create.decision.history.sql&apos;
01:45:36.236 [main] INFO  org.camunda.bpm.engine.persistence - ENGINE-03067 No history level property found in database
01:45:36.236 [main] INFO  org.camunda.bpm.engine.persistence - ENGINE-03065 Creating historyLevel property in database for level: HistoryLevelFull(name=full, id=3)
01:45:36.374 [main] INFO  org.camunda.bpm.engine - ENGINE-00001 Process Engine default created.
01:45:36.378 [main] DEBUG org.camunda.bpm.engine.test - ==== PROCESS ENGINE CREATED =========================================================================
01:45:36.388 [main] DEBUG org.camunda.bpm.engine.test - annotation @Deployment creates deployment for InMemoryH2Test.testParsingAndDeployment
</system-out>
    <system-err>SLF4J: Class path contains multiple SLF4J bindings.
SLF4J: Found binding in [jar:file:/C:/Users/Student/.m2/repository/ch/qos/logback/logback-classic/1.1.3/logback-classic-1.1.3.jar!/org/slf4j/impl/StaticLoggerBinder.class]
SLF4J: Found binding in [jar:file:/C:/Users/Student/.m2/repository/org/slf4j/slf4j-jdk14/1.7.12/slf4j-jdk14-1.7.12.jar!/org/slf4j/impl/StaticLoggerBinder.class]
SLF4J: See http://www.slf4j.org/codes.html#multiple_bindings for an explanation.
SLF4J: Actual binding is of type [ch.qos.logback.classic.util.ContextSelectorStaticBinder]
Jun 15, 2018 1:45:36 AM org.camunda.bpm.extension.process_test_coverage.junit.rules.TestCoverageProcessEngineRule succeeded
INFORMATION: testParsingAndDeployment(de.avg._abgabe.kreditsystem.InMemoryH2Test) succeeded.
</system-err>
  </testcase>
  <testcase classname="de.avg._abgabe.kreditsystem.InMemoryH2Test" name="testParsingAndDeployment" time="0.079">
    <error type="java.lang.NullPointerException">java.lang.NullPointerException
	at org.camunda.bpm.extension.process_test_coverage.junit.rules.TestCoverageProcessEngineRule.handleTestMethodCoverage(TestCoverageProcessEngineRule.java:307)
	at org.camunda.bpm.extension.process_test_coverage.junit.rules.TestCoverageProcessEngineRule.finished(TestCoverageProcessEngineRule.java:144)
	at org.junit.rules.TestWatcher.finishedQuietly(TestWatcher.java:117)
	at org.junit.rules.TestWatcher.access$400(TestWatcher.java:46)
	at org.junit.rules.TestWatcher$1.evaluate(TestWatcher.java:64)
	at org.camunda.bpm.engine.test.ProcessEngineRule$1.evaluate(ProcessEngineRule.java:165)
	at org.junit.rules.RunRules.evaluate(RunRules.java:20)
	at org.junit.runners.ParentRunner.runLeaf(ParentRunner.java:325)
	at org.junit.runners.BlockJUnit4ClassRunner.runChild(BlockJUnit4ClassRunner.java:78)
	at org.junit.runners.BlockJUnit4ClassRunner.runChild(BlockJUnit4ClassRunner.java:57)
	at org.junit.runners.ParentRunner$3.run(ParentRunner.java:290)
	at org.junit.runners.ParentRunner$1.schedule(ParentRunner.java:71)
	at org.junit.runners.ParentRunner.runChildren(ParentRunner.java:288)
	at org.junit.runners.ParentRunner.access$000(ParentRunner.java:58)
	at org.junit.runners.ParentRunner$2.evaluate(ParentRunner.java:268)
	at org.junit.rules.TestWatcher$1.evaluate(TestWatcher.java:55)
	at org.camunda.bpm.engine.test.ProcessEngineRule$1.evaluate(ProcessEngineRule.java:165)
	at org.junit.rules.RunRules.evaluate(RunRules.java:20)
	at org.junit.runners.ParentRunner.run(ParentRunner.java:363)
	at org.apache.maven.surefire.junit4.JUnit4Provider.execute(JUnit4Provider.java:252)
	at org.apache.maven.surefire.junit4.JUnit4Provider.executeTestSet(JUnit4Provider.java:141)
	at org.apache.maven.surefire.junit4.JUnit4Provider.invoke(JUnit4Provider.java:112)
	at sun.reflect.NativeMethodAccessorImpl.invoke0(Native Method)
	at sun.reflect.NativeMethodAccessorImpl.invoke(Unknown Source)
	at sun.reflect.DelegatingMethodAccessorImpl.invoke(Unknown Source)
	at java.lang.reflect.Method.invoke(Unknown Source)
	at org.apache.maven.surefire.util.ReflectionUtils.invokeMethodWithArray(ReflectionUtils.java:189)
	at org.apache.maven.surefire.booter.ProviderFactory$ProviderProxy.invoke(ProviderFactory.java:165)
	at org.apache.maven.surefire.booter.ProviderFactory.invokeProvider(ProviderFactory.java:85)
	at org.apache.maven.surefire.booter.ForkedBooter.runSuitesInProcess(ForkedBooter.java:115)
	at org.apache.maven.surefire.booter.ForkedBooter.main(ForkedBooter.java:75)
</error>
  </testcase>
  <testcase classname="de.avg._abgabe.kreditsystem.InMemoryH2Test" name="testHappyPath" time="0.001">
    <error message="resource &apos;process.bpmn&apos; not found: inputStream is null" type="org.camunda.bpm.engine.exception.NullValueException">org.camunda.bpm.engine.exception.NullValueException: resource &apos;process.bpmn&apos; not found: inputStream is null
	at sun.reflect.NativeConstructorAccessorImpl.newInstance0(Native Method)
	at sun.reflect.NativeConstructorAccessorImpl.newInstance(Unknown Source)
	at sun.reflect.DelegatingConstructorAccessorImpl.newInstance(Unknown Source)
	at java.lang.reflect.Constructor.newInstance(Unknown Source)
	at org.camunda.bpm.engine.impl.util.EnsureUtil.generateException(EnsureUtil.java:344)
	at org.camunda.bpm.engine.impl.util.EnsureUtil.ensureNotNull(EnsureUtil.java:49)
	at org.camunda.bpm.engine.impl.util.EnsureUtil.ensureNotNull(EnsureUtil.java:44)
	at org.camunda.bpm.engine.impl.repository.DeploymentBuilderImpl.addClasspathResource(DeploymentBuilderImpl.java:91)
	at org.camunda.bpm.engine.impl.test.TestHelper.annotationDeploymentSetUp(TestHelper.java:133)
	at org.camunda.bpm.engine.test.ProcessEngineRule.starting(ProcessEngineRule.java:146)
	at org.camunda.bpm.extension.process_test_coverage.junit.rules.TestCoverageProcessEngineRule.starting(TestCoverageProcessEngineRule.java:136)
	at org.junit.rules.TestWatcher.startingQuietly(TestWatcher.java:108)
	at org.junit.rules.TestWatcher.access$000(TestWatcher.java:46)
	at org.junit.rules.TestWatcher$1.evaluate(TestWatcher.java:53)
	at org.camunda.bpm.engine.test.ProcessEngineRule$1.evaluate(ProcessEngineRule.java:165)
	at org.junit.rules.RunRules.evaluate(RunRules.java:20)
	at org.junit.runners.ParentRunner.runLeaf(ParentRunner.java:325)
	at org.junit.runners.BlockJUnit4ClassRunner.runChild(BlockJUnit4ClassRunner.java:78)
	at org.junit.runners.BlockJUnit4ClassRunner.runChild(BlockJUnit4ClassRunner.java:57)
	at org.junit.runners.ParentRunner$3.run(ParentRunner.java:290)
	at org.junit.runners.ParentRunner$1.schedule(ParentRunner.java:71)
	at org.junit.runners.ParentRunner.runChildren(ParentRunner.java:288)
	at org.junit.runners.ParentRunner.access$000(ParentRunner.java:58)
	at org.junit.runners.ParentRunner$2.evaluate(ParentRunner.java:268)
	at org.junit.rules.TestWatcher$1.evaluate(TestWatcher.java:55)
	at org.camunda.bpm.engine.test.ProcessEngineRule$1.evaluate(ProcessEngineRule.java:165)
	at org.junit.rules.RunRules.evaluate(RunRules.java:20)
	at org.junit.runners.ParentRunner.run(ParentRunner.java:363)
	at org.apache.maven.surefire.junit4.JUnit4Provider.execute(JUnit4Provider.java:252)
	at org.apache.maven.surefire.junit4.JUnit4Provider.executeTestSet(JUnit4Provider.java:141)
	at org.apache.maven.surefire.junit4.JUnit4Provider.invoke(JUnit4Provider.java:112)
	at sun.reflect.NativeMethodAccessorImpl.invoke0(Native Method)
	at sun.reflect.NativeMethodAccessorImpl.invoke(Unknown Source)
	at sun.reflect.DelegatingMethodAccessorImpl.invoke(Unknown Source)
	at java.lang.reflect.Method.invoke(Unknown Source)
	at org.apache.maven.surefire.util.ReflectionUtils.invokeMethodWithArray(ReflectionUtils.java:189)
	at org.apache.maven.surefire.booter.ProviderFactory$ProviderProxy.invoke(ProviderFactory.java:165)
	at org.apache.maven.surefire.booter.ProviderFactory.invokeProvider(ProviderFactory.java:85)
	at org.apache.maven.surefire.booter.ForkedBooter.runSuitesInProcess(ForkedBooter.java:115)
	at org.apache.maven.surefire.booter.ForkedBooter.main(ForkedBooter.java:75)
</error>
    <system-out>01:45:36.463 [main] DEBUG org.camunda.bpm.engine.test - annotation @Deployment creates deployment for InMemoryH2Test.testHappyPath
</system-out>
    <system-err>Jun 15, 2018 1:45:36 AM org.camunda.bpm.extension.process_test_coverage.junit.rules.TestCoverageProcessEngineRule succeeded
INFORMATION: testHappyPath(de.avg._abgabe.kreditsystem.InMemoryH2Test) succeeded.
</system-err>
  </testcase>
  <testcase classname="de.avg._abgabe.kreditsystem.InMemoryH2Test" name="testHappyPath" time="0.005">
    <error type="java.lang.NullPointerException">java.lang.NullPointerException
	at org.camunda.bpm.extension.process_test_coverage.junit.rules.TestCoverageProcessEngineRule.handleTestMethodCoverage(TestCoverageProcessEngineRule.java:307)
	at org.camunda.bpm.extension.process_test_coverage.junit.rules.TestCoverageProcessEngineRule.finished(TestCoverageProcessEngineRule.java:144)
	at org.junit.rules.TestWatcher.finishedQuietly(TestWatcher.java:117)
	at org.junit.rules.TestWatcher.access$400(TestWatcher.java:46)
	at org.junit.rules.TestWatcher$1.evaluate(TestWatcher.java:64)
	at org.camunda.bpm.engine.test.ProcessEngineRule$1.evaluate(ProcessEngineRule.java:165)
	at org.junit.rules.RunRules.evaluate(RunRules.java:20)
	at org.junit.runners.ParentRunner.runLeaf(ParentRunner.java:325)
	at org.junit.runners.BlockJUnit4ClassRunner.runChild(BlockJUnit4ClassRunner.java:78)
	at org.junit.runners.BlockJUnit4ClassRunner.runChild(BlockJUnit4ClassRunner.java:57)
	at org.junit.runners.ParentRunner$3.run(ParentRunner.java:290)
	at org.junit.runners.ParentRunner$1.schedule(ParentRunner.java:71)
	at org.junit.runners.ParentRunner.runChildren(ParentRunner.java:288)
	at org.junit.runners.ParentRunner.access$000(ParentRunner.java:58)
	at org.junit.runners.ParentRunner$2.evaluate(ParentRunner.java:268)
	at org.junit.rules.TestWatcher$1.evaluate(TestWatcher.java:55)
	at org.camunda.bpm.engine.test.ProcessEngineRule$1.evaluate(ProcessEngineRule.java:165)
	at org.junit.rules.RunRules.evaluate(RunRules.java:20)
	at org.junit.runners.ParentRunner.run(ParentRunner.java:363)
	at org.apache.maven.surefire.junit4.JUnit4Provider.execute(JUnit4Provider.java:252)
	at org.apache.maven.surefire.junit4.JUnit4Provider.executeTestSet(JUnit4Provider.java:141)
	at org.apache.maven.surefire.junit4.JUnit4Provider.invoke(JUnit4Provider.java:112)
	at sun.reflect.NativeMethodAccessorImpl.invoke0(Native Method)
	at sun.reflect.NativeMethodAccessorImpl.invoke(Unknown Source)
	at sun.reflect.DelegatingMethodAccessorImpl.invoke(Unknown Source)
	at java.lang.reflect.Method.invoke(Unknown Source)
	at org.apache.maven.surefire.util.ReflectionUtils.invokeMethodWithArray(ReflectionUtils.java:189)
	at org.apache.maven.surefire.booter.ProviderFactory$ProviderProxy.invoke(ProviderFactory.java:165)
	at org.apache.maven.surefire.booter.ProviderFactory.invokeProvider(ProviderFactory.java:85)
	at org.apache.maven.surefire.booter.ForkedBooter.runSuitesInProcess(ForkedBooter.java:115)
	at org.apache.maven.surefire.booter.ForkedBooter.main(ForkedBooter.java:75)
</error>
  </testcase>
  <testcase classname="de.avg._abgabe.kreditsystem.InMemoryH2Test" name="de.avg._abgabe.kreditsystem.InMemoryH2Test" time="0.012">
    <error type="java.util.NoSuchElementException">java.util.NoSuchElementException
	at java.util.HashMap$HashIterator.nextNode(Unknown Source)
	at java.util.HashMap$ValueIterator.next(Unknown Source)
	at org.camunda.bpm.extension.process_test_coverage.model.ClassCoverage.getAnyMethodCoverage(ClassCoverage.java:190)
	at org.camunda.bpm.extension.process_test_coverage.model.ClassCoverage.getCoveragePercentage(ClassCoverage.java:78)
	at org.camunda.bpm.extension.process_test_coverage.junit.rules.TestCoverageProcessEngineRule.handleClassCoverage(TestCoverageProcessEngineRule.java:344)
	at org.camunda.bpm.extension.process_test_coverage.junit.rules.TestCoverageProcessEngineRule.finished(TestCoverageProcessEngineRule.java:146)
	at org.junit.rules.TestWatcher.finishedQuietly(TestWatcher.java:117)
	at org.junit.rules.TestWatcher.access$400(TestWatcher.java:46)
	at org.junit.rules.TestWatcher$1.evaluate(TestWatcher.java:64)
	at org.camunda.bpm.engine.test.ProcessEngineRule$1.evaluate(ProcessEngineRule.java:165)
	at org.junit.rules.RunRules.evaluate(RunRules.java:20)
	at org.junit.runners.ParentRunner.run(ParentRunner.java:363)
	at org.apache.maven.surefire.junit4.JUnit4Provider.execute(JUnit4Provider.java:252)
	at org.apache.maven.surefire.junit4.JUnit4Provider.executeTestSet(JUnit4Provider.java:141)
	at org.apache.maven.surefire.junit4.JUnit4Provider.invoke(JUnit4Provider.java:112)
	at sun.reflect.NativeMethodAccessorImpl.invoke0(Native Method)
	at sun.reflect.NativeMethodAccessorImpl.invoke(Unknown Source)
	at sun.reflect.DelegatingMethodAccessorImpl.invoke(Unknown Source)
	at java.lang.reflect.Method.invoke(Unknown Source)
	at org.apache.maven.surefire.util.ReflectionUtils.invokeMethodWithArray(ReflectionUtils.java:189)
	at org.apache.maven.surefire.booter.ProviderFactory$ProviderProxy.invoke(ProviderFactory.java:165)
	at org.apache.maven.surefire.booter.ProviderFactory.invokeProvider(ProviderFactory.java:85)
	at org.apache.maven.surefire.booter.ForkedBooter.runSuitesInProcess(ForkedBooter.java:115)
	at org.apache.maven.surefire.booter.ForkedBooter.main(ForkedBooter.java:75)
</error>
    <system-err>Jun 15, 2018 1:45:36 AM org.camunda.bpm.extension.process_test_coverage.junit.rules.TestCoverageProcessEngineRule succeeded
INFORMATION: de.avg._abgabe.kreditsystem.InMemoryH2Test succeeded.
</system-err>
  </testcase>
</testsuite>